May 31, 2020 8:29:56 PM controller.io.TextFileDataLoader createItem
INFO: Attempted to add item to database but received error : Item Name - Great Axe
 - Minimum effect cannot be greater than the maximum effect
 * * Moving on without parsing this line

May 31, 2020 8:29:56 PM CombatGame main
WARNING: SYSTEM : Something went wrong. Check error.log

May 31, 2020 8:29:56 PM CombatGame main
SEVERE: Not enough items to proceed into the game
May 31, 2020 8:36:02 PM controller.io.TextFileDataLoader createItem
INFO: Attempted to add item to database but received error : Item Name - Great Axe
 - Minimum effect cannot be greater than the maximum effect
 * * Moving on without parsing this line

May 31, 2020 8:36:02 PM CombatGame main
WARNING: SYSTEM : Something went wrong. Check error.log

May 31, 2020 8:36:02 PM CombatGame main
SEVERE: Not enough items to proceed into the game
May 31, 2020 8:36:32 PM controller.io.TextFileDataLoader createItem
INFO: Attempted to add item to database but received error : Item Name - Great Axe
 - Minimum effect cannot be greater than the maximum effect
 * * Moving on without parsing this line

May 31, 2020 8:36:32 PM CombatGame main
WARNING: SYSTEM : Something went wrong. Check error.log

May 31, 2020 8:36:32 PM CombatGame main
SEVERE: Not enough items to proceed into the game

